Project: test-project
Version: 0.1.0
Shell: /bin/bash
Execution duration: 0.500s

Step Summary:
COMPLETED: 1
FAILED: 1
SKIPPED: 0

Build Output (STANDARD):
 #   NAME                  COMMAND    STATUS
---  --------------------  ---------  ---------
 1   Install dependencies  pip list   COMPLETED
 2   Run tests             pytest -v  FAILED
